[ 2016-11-03T14:08:07+08:00 ] 127.0.0.1 /wx/Find/findList
INFO: [ app_init ] --START--
INFO: Run Behavior\BuildLiteBehavior [ RunTime:0.000000s ]
INFO: [ app_init ] --END-- [ RunTime:0.020001s ]

[ 2016-11-03T14:08:13+08:00 ] 127.0.0.1 /wx/index.php/Home/Find/index
INFO: [ app_init ] --START--
INFO: Run Behavior\BuildLiteBehavior [ RunTime:0.000000s ]
INFO: [ app_init ] --END-- [ RunTime:0.001001s ]

[ 2016-11-03T14:17:14+08:00 ] 127.0.0.1 /wx/index.php/Home/Find/index
INFO: [ app_init ] --START--
INFO: Run Behavior\BuildLiteBehavior [ RunTime:0.000000s ]
INFO: [ app_init ] --END-- [ RunTime:0.001000s ]

[ 2016-11-03T14:35:21+08:00 ] 127.0.0.1 /wx/Find/findList
INFO: [ app_init ] --START--
INFO: Run Behavior\BuildLiteBehavior [ RunTime:0.000000s ]
INFO: [ app_init ] --END-- [ RunTime:0.000000s ]
ERR: 无法加载控制器:Home

[ 2016-11-03T14:35:45+08:00 ] 127.0.0.1 /wx/Find/findList
INFO: [ app_init ] --START--
INFO: Run Behavior\BuildLiteBehavior [ RunTime:0.000000s ]
INFO: [ app_init ] --END-- [ RunTime:0.000000s ]

[ 2016-11-03T15:06:12+08:00 ] 127.0.0.1 /wx/Admin/login
INFO: [ app_init ] --START--
INFO: Run Behavior\BuildLiteBehavior [ RunTime:0.000000s ]
INFO: [ app_init ] --END-- [ RunTime:0.001000s ]
ERR: 1146:La table 'wx.admin' n'existe pas
 [ SQL语句 ] : SHOW COLUMNS FROM `admin`

